# JRE version: OpenJDK Runtime Environment (14.0.2+12) (build 14.0.2+12-46)
# Java VM: OpenJDK 64-Bit Server VM (14.0.2+12-46, mixed mode, tiered, compressed oops, g1 gc, windows-amd64)
Heap:
 garbage-first heap   total 359424K, used 136203K [0x0000000701e00000, 0x0000000800000000)
  region size 1024K, 10 young (10240K), 10 survivors (10240K)
 Metaspace       used 108618K, capacity 112159K, committed 112304K, reserved 1148928K
  class space    used 12306K, capacity 13544K, committed 13568K, reserved 1048576K
GC Heap History (20 events):
Event: 41.812 GC heap after
{Heap after GC invocations=75 (full 0):
 garbage-first heap   total 215040K, used 104932K [0x0000000701e00000, 0x0000000800000000)
  region size 1024K, 5 young (5120K), 5 survivors (5120K)
 Metaspace       used 86258K, capacity 89390K, committed 89520K, reserved 1128448K
  class space    used 10279K, capacity 11448K, committed 11520K, reserved 1048576K
}
Event: 42.256 GC heap before
{Heap before GC invocations=75 (full 0):
 garbage-first heap   total 215040K, used 178660K [0x0000000701e00000, 0x0000000800000000)
  region size 1024K, 79 young (80896K), 5 survivors (5120K)
 Metaspace       used 89099K, capacity 92256K, committed 92336K, reserved 1130496K
  class space    used 10585K, capacity 11754K, committed 11776K, reserved 1048576K
}
Event: 42.262 GC heap after
{Heap after GC invocations=76 (full 0):
 garbage-first heap   total 215040K, used 109591K [0x0000000701e00000, 0x0000000800000000)
  region size 1024K, 10 young (10240K), 10 survivors (10240K)
 Metaspace       used 89099K, capacity 92256K, committed 92336K, reserved 1130496K
  class space    used 10585K, capacity 11754K, committed 11776K, reserved 1048576K
}
Event: 42.942 GC heap before
{Heap before GC invocations=77 (full 0):
 garbage-first heap   total 220160K, used 191511K [0x0000000701e00000, 0x0000000800000000)
  region size 1024K, 80 young (81920K), 10 survivors (10240K)
 Metaspace       used 94680K, capacity 97904K, committed 97968K, reserved 1134592K
  class space    used 11072K, capacity 12250K, committed 12288K, reserved 1048576K
}
Event: 42.949 GC heap after
{Heap after GC invocations=78 (full 0):
 garbage-first heap   total 220160K, used 113574K [0x0000000701e00000, 0x0000000800000000)
  region size 1024K, 9 young (9216K), 9 survivors (9216K)
 Metaspace       used 94680K, capacity 97904K, committed 97968K, reserved 1134592K
  class space    used 11072K, capacity 12250K, committed 12288K, reserved 1048576K
}
Event: 43.885 GC heap before
{Heap before GC invocations=78 (full 0):
 garbage-first heap   total 220160K, used 184230K [0x0000000701e00000, 0x0000000800000000)
  region size 1024K, 79 young (80896K), 9 survivors (9216K)
 Metaspace       used 99275K, capacity 102747K, committed 102832K, reserved 1138688K
  class space    used 11462K, capacity 12715K, committed 12800K, reserved 1048576K
}
Event: 43.891 GC heap after
{Heap after GC invocations=79 (full 0):
 garbage-first heap   total 220160K, used 114783K [0x0000000701e00000, 0x0000000800000000)
  region size 1024K, 6 young (6144K), 6 survivors (6144K)
 Metaspace       used 99275K, capacity 102747K, committed 102832K, reserved 1138688K
  class space    used 11462K, capacity 12715K, committed 12800K, reserved 1048576K
}
Event: 44.045 GC heap before
{Heap before GC invocations=80 (full 0):
 garbage-first heap   total 220160K, used 129119K [0x0000000701e00000, 0x0000000800000000)
  region size 1024K, 22 young (22528K), 6 survivors (6144K)
 Metaspace       used 100862K, capacity 104315K, committed 104496K, reserved 1140736K
  class space    used 11601K, capacity 12875K, committed 12928K, reserved 1048576K
}
Event: 44.049 GC heap after
{Heap after GC invocations=81 (full 0):
 garbage-first heap   total 220160K, used 115231K [0x0000000701e00000, 0x0000000800000000)
  region size 1024K, 6 young (6144K), 6 survivors (6144K)
 Metaspace       used 100862K, capacity 104315K, committed 104496K, reserved 1140736K
  class space    used 11601K, capacity 12875K, committed 12928K, reserved 1048576K
}
Event: 44.333 GC heap before
{Heap before GC invocations=82 (full 0):
 garbage-first heap   total 224256K, used 189983K [0x0000000701e00000, 0x0000000800000000)
  region size 1024K, 77 young (78848K), 6 survivors (6144K)
 Metaspace       used 102540K, capacity 105979K, committed 106160K, reserved 1142784K
  class space    used 11761K, capacity 13022K, committed 13056K, reserved 1048576K
}
Event: 44.340 GC heap after
{Heap after GC invocations=83 (full 0):
 garbage-first heap   total 224256K, used 120335K [0x0000000701e00000, 0x0000000800000000)
  region size 1024K, 9 young (9216K), 9 survivors (9216K)
 Metaspace       used 102540K, capacity 105979K, committed 106160K, reserved 1142784K
  class space    used 11761K, capacity 13022K, committed 13056K, reserved 1048576K
}
Event: 44.407 GC heap before
{Heap before GC invocations=83 (full 0):
 garbage-first heap   total 224256K, used 190991K [0x0000000701e00000, 0x0000000800000000)
  region size 1024K, 78 young (79872K), 9 survivors (9216K)
 Metaspace       used 102540K, capacity 105979K, committed 106160K, reserved 1142784K
  class space    used 11761K, capacity 13022K, committed 13056K, reserved 1048576K
}
Event: 44.415 GC heap after
{Heap after GC invocations=84 (full 0):
 garbage-first heap   total 269312K, used 125927K [0x0000000701e00000, 0x0000000800000000)
  region size 1024K, 6 young (6144K), 6 survivors (6144K)
 Metaspace       used 102540K, capacity 105979K, committed 106160K, reserved 1142784K
  class space    used 11761K, capacity 13022K, committed 13056K, reserved 1048576K
}
Event: 45.202 GC heap before
{Heap before GC invocations=85 (full 0):
 garbage-first heap   total 269312K, used 201703K [0x0000000701e00000, 0x0000000800000000)
  region size 1024K, 80 young (81920K), 6 survivors (6144K)
 Metaspace       used 106643K, capacity 110212K, committed 110256K, reserved 1146880K
  class space    used 12043K, capacity 13301K, committed 13312K, reserved 1048576K
}
Event: 45.207 GC heap after
{Heap after GC invocations=86 (full 0):
 garbage-first heap   total 269312K, used 131730K [0x0000000701e00000, 0x0000000800000000)
  region size 1024K, 10 young (10240K), 10 survivors (10240K)
 Metaspace       used 106643K, capacity 110212K, committed 110256K, reserved 1146880K
  class space    used 12043K, capacity 13301K, committed 13312K, reserved 1048576K
}
Event: 45.446 GC heap before
{Heap before GC invocations=87 (full 0):
 garbage-first heap   total 281600K, used 176786K [0x0000000701e00000, 0x0000000800000000)
  region size 1024K, 33 young (33792K), 10 survivors (10240K)
 Metaspace       used 108135K, capacity 111735K, committed 112048K, reserved 1148928K
  class space    used 12268K, capacity 13510K, committed 13568K, reserved 1048576K
}
Event: 45.451 GC heap after
{Heap after GC invocations=88 (full 0):
 garbage-first heap   total 281600K, used 130312K [0x0000000701e00000, 0x0000000800000000)
  region size 1024K, 5 young (5120K), 5 survivors (5120K)
 Metaspace       used 108135K, capacity 111735K, committed 112048K, reserved 1148928K
  class space    used 12268K, capacity 13510K, committed 13568K, reserved 1048576K
}
Event: 45.888 GC heap before
{Heap before GC invocations=89 (full 0):
 garbage-first heap   total 281600K, used 176392K [0x0000000701e00000, 0x0000000800000000)
  region size 1024K, 28 young (28672K), 5 survivors (5120K)
 Metaspace       used 108553K, capacity 112156K, committed 112304K, reserved 1148928K
  class space    used 12306K, capacity 13544K, committed 13568K, reserved 1048576K
}
Event: 45.894 GC heap after
{Heap after GC invocations=90 (full 0):
 garbage-first heap   total 281600K, used 130484K [0x0000000701e00000, 0x0000000800000000)
  region size 1024K, 6 young (6144K), 6 survivors (6144K)
 Metaspace       used 108553K, capacity 112156K, committed 112304K, reserved 1148928K
  class space    used 12306K, capacity 13544K, committed 13568K, reserved 1048576K
}
Event: 46.281 GC heap before
{Heap before GC invocations=91 (full 0):
 garbage-first heap   total 299008K, used 245172K [0x0000000701e00000, 0x0000000800000000)
  region size 1024K, 102 young (104448K), 6 survivors (6144K)
 Metaspace       used 108618K, capacity 112159K, committed 112304K, reserved 1148928K
  class space    used 12306K, capacity 13544K, committed 13568K, reserved 1048576K
}

